
Discarded input sections

 .comment       0x0000000000000000       0x2d task2.o
 .note.GNU-stack
                0x0000000000000000        0x0 task2.o

Memory Configuration

Name             Origin             Length             Attributes
*default*        0x0000000000000000 0xffffffffffffffff

Linker script and memory map


.start          0x0000000008000000        0xc
 *(.start)
 .start         0x0000000008000000        0xc task2.o
                0x0000000008000000                main

.text           0x000000000800000c        0x0
 *(.text)
 .text          0x000000000800000c        0x0 task2.o

.data           0x000000000800000c        0x0
 *(.data)
 .data          0x000000000800000c        0x0 task2.o

.rodata
 *(.rodata)
 *(.rodata*)

.bss            0x000000000800000c        0x0
 *(.bss)
 .bss           0x000000000800000c        0x0 task2.o

/DISCARD/
 *(.note.GNU-stack)
 *(.comment)
LOAD task2.o
OUTPUT(task2.bin binary)
