
Allocating common symbols
Common symbol       size              file

tasks               0x100             kernel/kernel.o
cur_tty             0x4               drivers/drivers.o
PAGE_NR             0x4               mm/mm.o
current             0x4               kernel/kernel.o
freepage            0x8               mm/mm.o
kbq                 0x18              drivers/drivers.o
ttys                0x18              drivers/drivers.o

Discarded input sections

 .note.GNU-stack
                0x0000000000000000        0x0 main/main.o
 .comment       0x0000000000000000       0x2d main/main.o
 .note.GNU-stack
                0x0000000000000000        0x0 kernel/kernel.o
 .comment       0x0000000000000000      0x13b kernel/kernel.o
 .note.GNU-stack
                0x0000000000000000        0x0 mm/mm.o
 .comment       0x0000000000000000       0x5a mm/mm.o
 .note.GNU-stack
                0x0000000000000000        0x0 drivers/drivers.o
 .comment       0x0000000000000000       0x5a drivers/drivers.o
 .note.GNU-stack
                0x0000000000000000        0x0 lib/lib.o
 .comment       0x0000000000000000       0x2d lib/lib.o

Memory Configuration

Name             Origin             Length             Attributes
*default*        0x0000000000000000 0xffffffffffffffff

Linker script and memory map

LOAD boot/setup.o
LOAD main/main.o
LOAD kernel/kernel.o
LOAD mm/mm.o
LOAD drivers/drivers.o
LOAD lib/lib.o

.text           0x0000000020100000     0x2660
 *(.text)
 .text          0x0000000020100000       0x48 boot/setup.o
                0x0000000020100000                START
                0x000000002010003c                new_gdt
                0x0000000020100042                new_idt
 *fill*         0x0000000020100048        0x8 00
 .text          0x0000000020100050       0xec main/main.o
                0x0000000020100050                main
 *fill*         0x000000002010013c        0x4 00
 .text          0x0000000020100140     0x18b9 kernel/kernel.o
                0x0000000020100140                printk
                0x00000000201003af                vsprintf
                0x0000000020100708                set_idt_item
                0x0000000020100789                initial_intr
                0x0000000020100b14                do_general_intr
                0x0000000020100c45                do_alignment_check
                0x0000000020100c5d                do_reserved
                0x0000000020100c75                do_coprocessor_error
                0x0000000020100c8d                do_double_fault
                0x0000000020100ca5                do_stack_segment
                0x0000000020100cbd                do_segment_not_present
                0x0000000020100cd5                do_invalid_TSS
                0x0000000020100ced                do_coprocessor_segment_overrun
                0x0000000020100d05                do_device_not_available
                0x0000000020100d1d                do_invalid_op
                0x0000000020100d35                do_bounds
                0x0000000020100d4d                do_overflow
                0x0000000020100d65                do_debug
                0x0000000020100d7d                do_nmi
                0x0000000020100d95                do_divide_error
                0x0000000020100dad                do_page_fault
                0x0000000020100dc5                do_general_protection
                0x0000000020100ddd                do_int3
                0x0000000020100df5                do_timer_intr
                0x0000000020100e7f                general_intr
                0x0000000020100e8e                timer_intr
                0x0000000020100e9a                sys_call
                0x0000000020100ed3                divide_error
                0x0000000020100ee2                debug
                0x0000000020100ef1                nmi
                0x0000000020100f00                int3
                0x0000000020100f0f                overflow
                0x0000000020100f1e                bounds
                0x0000000020100f2d                invalid_op
                0x0000000020100f3c                device_not_available
                0x0000000020100f4b                coprocessor_segment_overrun
                0x0000000020100f5a                reserved
                0x0000000020100f69                coprocessor_error
                0x0000000020100f84                double_fault
                0x0000000020100f8e                invalid_TSS
                0x0000000020100f98                segment_not_present
                0x0000000020100fa2                stack_segment
                0x0000000020100fac                alignment_check
                0x0000000020100fb6                general_protection
                0x0000000020100fc0                page_fault
                0x0000000020100fcc                set_ldt_desc
                0x0000000020100ff8                set_tss_desc
                0x0000000020101024                initial_ldt
                0x00000000201010c9                schedule
                0x0000000020101179                pause
                0x000000002010118e                wake_up
                0x00000000201011d4                sleep_on
                0x0000000020101259                initial_sched
                0x0000000020101374                interruptible_sleep_on
                0x0000000020101400                fork
                0x0000000020101860                exit
                0x0000000020101940                do_signal
                0x00000000201019e5                do_sig_kill
 *fill*         0x00000000201019f9        0x3 00
 .text          0x00000000201019fc      0x4e0 mm/mm.o
                0x00000000201019fc                set_page_structure
                0x0000000020101a4b                cancle_map
                0x0000000020101a7f                set_pde_pte
                0x0000000020101bdb                initial_memory
                0x0000000020101c1b                get_mem_info
                0x0000000020101c50                free_page
                0x0000000020101d29                alloc_page
                0x0000000020101db6                initial_page
 *fill*         0x0000000020101edc        0x4 00
 .text          0x0000000020101ee0      0x623 drivers/drivers.o
                0x0000000020101ee0                do_keyboard_intr
                0x0000000020102004                keyboard_initial
                0x0000000020102030                keyboard_intr
                0x00000000201020cd                initial_display
                0x0000000020102221                display
                0x000000002010228f                switch_tty
                0x0000000020102388                gets
                0x0000000020102463                initial_tty
 *fill*         0x0000000020102503        0x1 00
 .text          0x0000000020102504      0x15c lib/lib.o
                0x0000000020102504                enqueue
                0x0000000020102542                dequeue
                0x000000002010257b                push
                0x000000002010259a                pop
                0x00000000201025b9                peek
                0x00000000201025d2                new_stack
                0x0000000020102612                new_queue

.data           0x0000000020102660       0x84
 *(.data)
 .data          0x0000000020102660        0x0 main/main.o
 .data          0x0000000020102660       0x84 kernel/kernel.o
                0x0000000020102660                sigaction
 .data          0x00000000201026e4        0x0 mm/mm.o
 .data          0x00000000201026e4        0x0 drivers/drivers.o
 .data          0x00000000201026e4        0x0 lib/lib.o

.rodata         0x0000000020102700      0x620
 *(.rodata)
 .rodata        0x0000000020102700       0xc8 kernel/kernel.o
 *fill*         0x00000000201027c8       0x18 00
 .rodata        0x00000000201027e0      0x100 drivers/drivers.o
 *(.rodata*)
 .rodata.str1.4
                0x00000000201028e0       0x26 main/main.o
 *fill*         0x0000000020102906        0x2 00
 .rodata.str1.4
                0x0000000020102908       0xe3 kernel/kernel.o
 .rodata.str1.1
                0x00000000201029eb      0x263 kernel/kernel.o
 .rodata.str1.1
                0x0000000020102c4e       0x76 mm/mm.o
 .rodata.str1.4
                0x0000000020102cc4       0x59 mm/mm.o
 .rodata.str1.1
                0x0000000020102d1d        0x3 drivers/drivers.o

.bss            0x0000000020102d20      0x164
 *(.bss)
 .bss           0x0000000020102d20        0x0 main/main.o
 .bss           0x0000000020102d20        0x4 kernel/kernel.o
 .bss           0x0000000020102d24        0x4 mm/mm.o
                0x0000000020102d24                total_mem
 .bss           0x0000000020102d28       0x10 drivers/drivers.o
 .bss           0x0000000020102d38        0x0 lib/lib.o
 *fill*         0x0000000020102d38        0x8 00
 COMMON         0x0000000020102d40      0x104 kernel/kernel.o
                0x0000000020102d40                tasks
                0x0000000020102e40                current
 COMMON         0x0000000020102e44        0xc mm/mm.o
                0x0000000020102e44                PAGE_NR
                0x0000000020102e48                freepage
 COMMON         0x0000000020102e50       0x34 drivers/drivers.o
                0x0000000020102e50                cur_tty
                0x0000000020102e54                kbq
                0x0000000020102e6c                ttys

/DISCARD/
 *(.note.GNU-stack)
 *(.comment)
OUTPUT(img.bin binary)
